1496331310142	geckodriver	INFO	Listening on 127.0.0.1:54687
1496331311225	geckodriver::marionette	INFO	Starting browser /Applications/Firefox.app/Contents/MacOS/firefox-bin with args ["-marionette"]
1496331313085	Marionette	INFO	Listening on port 54694
1496331313144	Marionette	WARN	TLS certificate errors will be ignored for this session
2017-06-01 23:35:13.789 plugin-container[6732:736032] *** CFMessagePort: bootstrap_register(): failed 1100 (0x44c) 'Permission denied', port = 0x903f, name = 'com.apple.tsm.portname'
See /usr/include/servers/bootstrap_defs.h for the error codes.
2017-06-01 23:35:13.801 plugin-container[6732:736032] *** CFMessagePort: bootstrap_register(): failed 1100 (0x44c) 'Permission denied', port = 0x9803, name = 'com.apple.CFPasteboardClient'
See /usr/include/servers/bootstrap_defs.h for the error codes.
2017-06-01 23:35:13.801 plugin-container[6732:736032] void __CFPasteboardSetup() : Failed to allocate communication port for com.apple.CFPasteboardClient; this is likely due to sandbox restrictions
1496331313832	Marionette	INFO	New connections will no longer be accepted
1496337217755	geckodriver	INFO	Listening on 127.0.0.1:57730
1496337218851	geckodriver::marionette	INFO	Starting browser /Applications/Firefox.app/Contents/MacOS/firefox-bin with args ["-marionette"]
1496337220885	Marionette	INFO	Listening on port 57737
1496337220968	Marionette	WARN	TLS certificate errors will be ignored for this session
2017-06-02 01:13:41.550 plugin-container[8059:807789] *** CFMessagePort: bootstrap_register(): failed 1100 (0x44c) 'Permission denied', port = 0x8f3f, name = 'com.apple.tsm.portname'
See /usr/include/servers/bootstrap_defs.h for the error codes.
2017-06-02 01:13:41.552 plugin-container[8059:807789] *** CFMessagePort: bootstrap_register(): failed 1100 (0x44c) 'Permission denied', port = 0x4a2f, name = 'com.apple.CFPasteboardClient'
See /usr/include/servers/bootstrap_defs.h for the error codes.
2017-06-02 01:13:41.552 plugin-container[8059:807789] void __CFPasteboardSetup() : Failed to allocate communication port for com.apple.CFPasteboardClient; this is likely due to sandbox restrictions
1496337221823	Marionette	INFO	New connections will no longer be accepted
1496337245654	geckodriver	INFO	Listening on 127.0.0.1:57817
1496337246779	geckodriver::marionette	INFO	Starting browser /Applications/Firefox.app/Contents/MacOS/firefox-bin with args ["-marionette"]
1496337248971	Marionette	INFO	Listening on port 57824
1496337249094	Marionette	WARN	TLS certificate errors will be ignored for this session
2017-06-02 01:14:09.595 plugin-container[8070:808706] *** CFMessagePort: bootstrap_register(): failed 1100 (0x44c) 'Permission denied', port = 0x903f, name = 'com.apple.tsm.portname'
See /usr/include/servers/bootstrap_defs.h for the error codes.
2017-06-02 01:14:09.596 plugin-container[8070:808706] *** CFMessagePort: bootstrap_register(): failed 1100 (0x44c) 'Permission denied', port = 0x972b, name = 'com.apple.CFPasteboardClient'
See /usr/include/servers/bootstrap_defs.h for the error codes.
2017-06-02 01:14:09.596 plugin-container[8070:808706] void __CFPasteboardSetup() : Failed to allocate communication port for com.apple.CFPasteboardClient; this is likely due to sandbox restrictions
1496337249869	Marionette	INFO	New connections will no longer be accepted
1496337614413	geckodriver	INFO	Listening on 127.0.0.1:57968
1496337615510	geckodriver::marionette	INFO	Starting browser /Applications/Firefox.app/Contents/MacOS/firefox-bin with args ["-marionette"]
1496337617306	Marionette	INFO	Listening on port 57979
1496337617413	Marionette	WARN	TLS certificate errors will be ignored for this session
2017-06-02 01:20:17.935 plugin-container[8125:813884] *** CFMessagePort: bootstrap_register(): failed 1100 (0x44c) 'Permission denied', port = 0x8f3f, name = 'com.apple.tsm.portname'
See /usr/include/servers/bootstrap_defs.h for the error codes.
2017-06-02 01:20:17.935 plugin-container[8125:813884] *** CFMessagePort: bootstrap_register(): failed 1100 (0x44c) 'Permission denied', port = 0x521b, name = 'com.apple.CFPasteboardClient'
See /usr/include/servers/bootstrap_defs.h for the error codes.
2017-06-02 01:20:17.936 plugin-container[8125:813884] void __CFPasteboardSetup() : Failed to allocate communication port for com.apple.CFPasteboardClient; this is likely due to sandbox restrictions
1496337618020	Marionette	INFO	New connections will no longer be accepted
1496337628296	geckodriver	INFO	Listening on 127.0.0.1:58051
1496337629398	geckodriver::marionette	INFO	Starting browser /Applications/Firefox.app/Contents/MacOS/firefox-bin with args ["-marionette"]
1496337631513	Marionette	INFO	Listening on port 58058
1496337631646	Marionette	WARN	TLS certificate errors will be ignored for this session
2017-06-02 01:20:32.183 plugin-container[8133:814655] *** CFMessagePort: bootstrap_register(): failed 1100 (0x44c) 'Permission denied', port = 0x8f3b, name = 'com.apple.tsm.portname'
See /usr/include/servers/bootstrap_defs.h for the error codes.
2017-06-02 01:20:32.184 plugin-container[8133:814655] *** CFMessagePort: bootstrap_register(): failed 1100 (0x44c) 'Permission denied', port = 0x5127, name = 'com.apple.CFPasteboardClient'
See /usr/include/servers/bootstrap_defs.h for the error codes.
2017-06-02 01:20:32.184 plugin-container[8133:814655] void __CFPasteboardSetup() : Failed to allocate communication port for com.apple.CFPasteboardClient; this is likely due to sandbox restrictions
1496337632238	Marionette	INFO	New connections will no longer be accepted
1496337675354	geckodriver	INFO	Listening on 127.0.0.1:58145
1496337676455	geckodriver::marionette	INFO	Starting browser /Applications/Firefox.app/Contents/MacOS/firefox-bin with args ["-marionette"]
1496337678362	Marionette	INFO	Listening on port 58152
1496337678465	Marionette	WARN	TLS certificate errors will be ignored for this session
2017-06-02 01:21:19.000 plugin-container[8147:815835] *** CFMessagePort: bootstrap_register(): failed 1100 (0x44c) 'Permission denied', port = 0x8f3f, name = 'com.apple.tsm.portname'
See /usr/include/servers/bootstrap_defs.h for the error codes.
2017-06-02 01:21:19.001 plugin-container[8147:815835] *** CFMessagePort: bootstrap_register(): failed 1100 (0x44c) 'Permission denied', port = 0x511b, name = 'com.apple.CFPasteboardClient'
See /usr/include/servers/bootstrap_defs.h for the error codes.
2017-06-02 01:21:19.001 plugin-container[8147:815835] void __CFPasteboardSetup() : Failed to allocate communication port for com.apple.CFPasteboardClient; this is likely due to sandbox restrictions
1496337679060	Marionette	INFO	New connections will no longer be accepted
1496406968078	geckodriver	INFO	Listening on 127.0.0.1:58548
1496406969241	geckodriver::marionette	INFO	Starting browser /Applications/Firefox.app/Contents/MacOS/firefox-bin with args ["-marionette"]
1496406971483	Marionette	INFO	Listening on port 58555
1496406971553	Marionette	WARN	TLS certificate errors will be ignored for this session
2017-06-02 20:36:12.142 plugin-container[8352:833451] *** CFMessagePort: bootstrap_register(): failed 1100 (0x44c) 'Permission denied', port = 0x8e3f, name = 'com.apple.tsm.portname'
See /usr/include/servers/bootstrap_defs.h for the error codes.
2017-06-02 20:36:12.144 plugin-container[8352:833451] *** CFMessagePort: bootstrap_register(): failed 1100 (0x44c) 'Permission denied', port = 0x904b, name = 'com.apple.CFPasteboardClient'
See /usr/include/servers/bootstrap_defs.h for the error codes.
2017-06-02 20:36:12.144 plugin-container[8352:833451] void __CFPasteboardSetup() : Failed to allocate communication port for com.apple.CFPasteboardClient; this is likely due to sandbox restrictions
1496406972242	Marionette	INFO	New connections will no longer be accepted
1496406998400	geckodriver	INFO	Listening on 127.0.0.1:58639
1496406999503	geckodriver::marionette	INFO	Starting browser /Applications/Firefox.app/Contents/MacOS/firefox-bin with args ["-marionette"]
1496407001286	Marionette	INFO	Listening on port 58646
1496407001371	Marionette	WARN	TLS certificate errors will be ignored for this session
2017-06-02 20:36:41.939 plugin-container[8363:834486] *** CFMessagePort: bootstrap_register(): failed 1100 (0x44c) 'Permission denied', port = 0x8e3f, name = 'com.apple.tsm.portname'
See /usr/include/servers/bootstrap_defs.h for the error codes.
2017-06-02 20:36:41.940 plugin-container[8363:834486] *** CFMessagePort: bootstrap_register(): failed 1100 (0x44c) 'Permission denied', port = 0x9027, name = 'com.apple.CFPasteboardClient'
See /usr/include/servers/bootstrap_defs.h for the error codes.
2017-06-02 20:36:41.940 plugin-container[8363:834486] void __CFPasteboardSetup() : Failed to allocate communication port for com.apple.CFPasteboardClient; this is likely due to sandbox restrictions
1496407005030	Marionette	INFO	New connections will no longer be accepted
1496410813784	geckodriver	INFO	Listening on 127.0.0.1:59652
1496410814952	geckodriver::marionette	INFO	Starting browser /Applications/Firefox.app/Contents/MacOS/firefox-bin with args ["-marionette"]
1496410818335	Marionette	INFO	Listening on port 59659
1496410818486	Marionette	WARN	TLS certificate errors will be ignored for this session
2017-06-02 21:40:19.288 plugin-container[8728:879041] *** CFMessagePort: bootstrap_register(): failed 1100 (0x44c) 'Permission denied', port = 0x8d3f, name = 'com.apple.tsm.portname'
See /usr/include/servers/bootstrap_defs.h for the error codes.
2017-06-02 21:40:19.289 plugin-container[8728:879041] *** CFMessagePort: bootstrap_register(): failed 1100 (0x44c) 'Permission denied', port = 0x4f07, name = 'com.apple.CFPasteboardClient'
See /usr/include/servers/bootstrap_defs.h for the error codes.
2017-06-02 21:40:19.289 plugin-container[8728:879041] void __CFPasteboardSetup() : Failed to allocate communication port for com.apple.CFPasteboardClient; this is likely due to sandbox restrictions
1496410822584	Marionette	INFO	New connections will no longer be accepted
[GFX1-]: Receive IPC close with reason=AbnormalShutdown
1496411001030	geckodriver	INFO	Listening on 127.0.0.1:59809
1496411002231	geckodriver::marionette	INFO	Starting browser /Applications/Firefox.app/Contents/MacOS/firefox-bin with args ["-marionette"]
1496411005552	Marionette	INFO	Listening on port 59816
1496411005727	Marionette	WARN	TLS certificate errors will be ignored for this session
2017-06-02 21:43:26.625 plugin-container[8768:881468] *** CFMessagePort: bootstrap_register(): failed 1100 (0x44c) 'Permission denied', port = 0x8f33, name = 'com.apple.tsm.portname'
See /usr/include/servers/bootstrap_defs.h for the error codes.
2017-06-02 21:43:26.631 plugin-container[8768:881468] *** CFMessagePort: bootstrap_register(): failed 1100 (0x44c) 'Permission denied', port = 0x5317, name = 'com.apple.CFPasteboardClient'
See /usr/include/servers/bootstrap_defs.h for the error codes.
2017-06-02 21:43:26.631 plugin-container[8768:881468] void __CFPasteboardSetup() : Failed to allocate communication port for com.apple.CFPasteboardClient; this is likely due to sandbox restrictions
1496411007115	Marionette	INFO	New connections will no longer be accepted
1496411145954	geckodriver	INFO	Listening on 127.0.0.1:59953
1496411147168	geckodriver::marionette	INFO	Starting browser /Applications/Firefox.app/Contents/MacOS/firefox-bin with args ["-marionette"]
1496411150902	Marionette	INFO	Listening on port 59960
1496411151005	Marionette	WARN	TLS certificate errors will be ignored for this session
2017-06-02 21:45:52.490 plugin-container[8821:883403] *** CFMessagePort: bootstrap_register(): failed 1100 (0x44c) 'Permission denied', port = 0x8f3b, name = 'com.apple.tsm.portname'
See /usr/include/servers/bootstrap_defs.h for the error codes.
2017-06-02 21:45:52.492 plugin-container[8821:883403] *** CFMessagePort: bootstrap_register(): failed 1100 (0x44c) 'Permission denied', port = 0x9113, name = 'com.apple.CFPasteboardClient'
See /usr/include/servers/bootstrap_defs.h for the error codes.
2017-06-02 21:45:52.492 plugin-container[8821:883403] void __CFPasteboardSetup() : Failed to allocate communication port for com.apple.CFPasteboardClient; this is likely due to sandbox restrictions
1496411157087	Marionette	INFO	New connections will no longer be accepted
1496411164691	geckodriver	INFO	Listening on 127.0.0.1:60091
1496411165894	geckodriver::marionette	INFO	Starting browser /Applications/Firefox.app/Contents/MacOS/firefox-bin with args ["-marionette"]
1496411170460	Marionette	INFO	Listening on port 60099
1496411170642	Marionette	WARN	TLS certificate errors will be ignored for this session
2017-06-02 21:46:11.727 plugin-container[8829:884176] *** CFMessagePort: bootstrap_register(): failed 1100 (0x44c) 'Permission denied', port = 0x4f43, name = 'com.apple.tsm.portname'
See /usr/include/servers/bootstrap_defs.h for the error codes.
2017-06-02 21:46:11.728 plugin-container[8829:884176] *** CFMessagePort: bootstrap_register(): failed 1100 (0x44c) 'Permission denied', port = 0x902b, name = 'com.apple.CFPasteboardClient'
See /usr/include/servers/bootstrap_defs.h for the error codes.
2017-06-02 21:46:11.728 plugin-container[8829:884176] void __CFPasteboardSetup() : Failed to allocate communication port for com.apple.CFPasteboardClient; this is likely due to sandbox restrictions
1496411175116	Marionette	INFO	New connections will no longer be accepted
1496411974897	geckodriver	INFO	Listening on 127.0.0.1:60466
1496411976095	geckodriver::marionette	INFO	Starting browser /Applications/Firefox.app/Contents/MacOS/firefox-bin with args ["-marionette"]
1496411979458	Marionette	INFO	Listening on port 60473
1496411979556	Marionette	WARN	TLS certificate errors will be ignored for this session
2017-06-02 21:59:41.088 plugin-container[8944:894691] *** CFMessagePort: bootstrap_register(): failed 1100 (0x44c) 'Permission denied', port = 0x8f33, name = 'com.apple.tsm.portname'
See /usr/include/servers/bootstrap_defs.h for the error codes.
2017-06-02 21:59:41.089 plugin-container[8944:894691] *** CFMessagePort: bootstrap_register(): failed 1100 (0x44c) 'Permission denied', port = 0x5307, name = 'com.apple.CFPasteboardClient'
See /usr/include/servers/bootstrap_defs.h for the error codes.
2017-06-02 21:59:41.090 plugin-container[8944:894691] void __CFPasteboardSetup() : Failed to allocate communication port for com.apple.CFPasteboardClient; this is likely due to sandbox restrictions
1496411984591	Marionette	INFO	New connections will no longer be accepted
1496412120912	geckodriver	INFO	Listening on 127.0.0.1:60613
1496412122032	geckodriver::marionette	INFO	Starting browser /Applications/Firefox.app/Contents/MacOS/firefox-bin with args ["-marionette"]
1496412124355	Marionette	INFO	Listening on port 60620
1496412124452	Marionette	WARN	TLS certificate errors will be ignored for this session
2017-06-02 22:02:05.387 plugin-container[8960:896686] *** CFMessagePort: bootstrap_register(): failed 1100 (0x44c) 'Permission denied', port = 0x8d3f, name = 'com.apple.tsm.portname'
See /usr/include/servers/bootstrap_defs.h for the error codes.
2017-06-02 22:02:05.388 plugin-container[8960:896686] *** CFMessagePort: bootstrap_register(): failed 1100 (0x44c) 'Permission denied', port = 0x5007, name = 'com.apple.CFPasteboardClient'
See /usr/include/servers/bootstrap_defs.h for the error codes.
2017-06-02 22:02:05.388 plugin-container[8960:896686] void __CFPasteboardSetup() : Failed to allocate communication port for com.apple.CFPasteboardClient; this is likely due to sandbox restrictions
1496412129305	Marionette	INFO	New connections will no longer be accepted
1496412143837	geckodriver	INFO	Listening on 127.0.0.1:60712
1496412144955	geckodriver::marionette	INFO	Starting browser /Applications/Firefox.app/Contents/MacOS/firefox-bin with args ["-marionette"]
1496412147289	Marionette	INFO	Listening on port 60722
1496412147376	Marionette	WARN	TLS certificate errors will be ignored for this session
2017-06-02 22:02:28.277 plugin-container[8969:897574] *** CFMessagePort: bootstrap_register(): failed 1100 (0x44c) 'Permission denied', port = 0x8f2f, name = 'com.apple.tsm.portname'
See /usr/include/servers/bootstrap_defs.h for the error codes.
2017-06-02 22:02:28.278 plugin-container[8969:897574] *** CFMessagePort: bootstrap_register(): failed 1100 (0x44c) 'Permission denied', port = 0x920b, name = 'com.apple.CFPasteboardClient'
See /usr/include/servers/bootstrap_defs.h for the error codes.
2017-06-02 22:02:28.278 plugin-container[8969:897574] void __CFPasteboardSetup() : Failed to allocate communication port for com.apple.CFPasteboardClient; this is likely due to sandbox restrictions
1496412151690	Marionette	INFO	New connections will no longer be accepted
1496413218275	geckodriver	INFO	Listening on 127.0.0.1:60971
1496413219462	geckodriver::marionette	INFO	Starting browser /Applications/Firefox.app/Contents/MacOS/firefox-bin with args ["-marionette"]
1496413223025	Marionette	INFO	Listening on port 60978
1496413223132	Marionette	WARN	TLS certificate errors will be ignored for this session
2017-06-02 22:20:24.165 plugin-container[9077:908790] *** CFMessagePort: bootstrap_register(): failed 1100 (0x44c) 'Permission denied', port = 0x8f3f, name = 'com.apple.tsm.portname'
See /usr/include/servers/bootstrap_defs.h for the error codes.
2017-06-02 22:20:24.166 plugin-container[9077:908790] *** CFMessagePort: bootstrap_register(): failed 1100 (0x44c) 'Permission denied', port = 0x5217, name = 'com.apple.CFPasteboardClient'
See /usr/include/servers/bootstrap_defs.h for the error codes.
2017-06-02 22:20:24.166 plugin-container[9077:908790] void __CFPasteboardSetup() : Failed to allocate communication port for com.apple.CFPasteboardClient; this is likely due to sandbox restrictions
1496413227873	Marionette	INFO	New connections will no longer be accepted
1496413399771	geckodriver	INFO	Listening on 127.0.0.1:61140
1496413400892	geckodriver::marionette	INFO	Starting browser /Applications/Firefox.app/Contents/MacOS/firefox-bin with args ["-marionette"]
1496413403272	Marionette	INFO	Listening on port 61147
1496413403486	Marionette	WARN	TLS certificate errors will be ignored for this session
2017-06-02 22:23:24.864 plugin-container[9108:911192] *** CFMessagePort: bootstrap_register(): failed 1100 (0x44c) 'Permission denied', port = 0x903f, name = 'com.apple.tsm.portname'
See /usr/include/servers/bootstrap_defs.h for the error codes.
2017-06-02 22:23:24.872 plugin-container[9108:911192] *** CFMessagePort: bootstrap_register(): failed 1100 (0x44c) 'Permission denied', port = 0x520b, name = 'com.apple.CFPasteboardClient'
See /usr/include/servers/bootstrap_defs.h for the error codes.
2017-06-02 22:23:24.872 plugin-container[9108:911192] void __CFPasteboardSetup() : Failed to allocate communication port for com.apple.CFPasteboardClient; this is likely due to sandbox restrictions
1496413418815	Marionette	INFO	New connections will no longer be accepted
[GFX1-]: Receive IPC close with reason=AbnormalShutdown
1496413970176	geckodriver	INFO	Listening on 127.0.0.1:61465
1496413971279	geckodriver::marionette	INFO	Starting browser /Applications/Firefox.app/Contents/MacOS/firefox-bin with args ["-marionette"]
1496413973241	Marionette	INFO	Listening on port 61472
1496413973310	Marionette	WARN	TLS certificate errors will be ignored for this session
2017-06-02 22:32:53.906 plugin-container[9173:919640] *** CFMessagePort: bootstrap_register(): failed 1100 (0x44c) 'Permission denied', port = 0x8f3f, name = 'com.apple.tsm.portname'
See /usr/include/servers/bootstrap_defs.h for the error codes.
2017-06-02 22:32:53.908 plugin-container[9173:919640] *** CFMessagePort: bootstrap_register(): failed 1100 (0x44c) 'Permission denied', port = 0x5117, name = 'com.apple.CFPasteboardClient'
See /usr/include/servers/bootstrap_defs.h for the error codes.
2017-06-02 22:32:53.908 plugin-container[9173:919640] void __CFPasteboardSetup() : Failed to allocate communication port for com.apple.CFPasteboardClient; this is likely due to sandbox restrictions
1496413987337	Marionette	INFO	New connections will no longer be accepted
1496413993734	geckodriver	INFO	Listening on 127.0.0.1:61560
1496413994832	geckodriver::marionette	INFO	Starting browser /Applications/Firefox.app/Contents/MacOS/firefox-bin with args ["-marionette"]
1496413996728	Marionette	INFO	Listening on port 61567
1496413996845	Marionette	WARN	TLS certificate errors will be ignored for this session
2017-06-02 22:33:17.424 plugin-container[9183:920606] *** CFMessagePort: bootstrap_register(): failed 1100 (0x44c) 'Permission denied', port = 0x8e3f, name = 'com.apple.tsm.portname'
See /usr/include/servers/bootstrap_defs.h for the error codes.
2017-06-02 22:33:17.425 plugin-container[9183:920606] *** CFMessagePort: bootstrap_register(): failed 1100 (0x44c) 'Permission denied', port = 0x930b, name = 'com.apple.CFPasteboardClient'
See /usr/include/servers/bootstrap_defs.h for the error codes.
2017-06-02 22:33:17.425 plugin-container[9183:920606] void __CFPasteboardSetup() : Failed to allocate communication port for com.apple.CFPasteboardClient; this is likely due to sandbox restrictions
1496414010789	Marionette	INFO	New connections will no longer be accepted
1496414618189	geckodriver	INFO	Listening on 127.0.0.1:61737
1496414619297	geckodriver::marionette	INFO	Starting browser /Applications/Firefox.app/Contents/MacOS/firefox-bin with args ["-marionette"]
1496414621168	Marionette	INFO	Listening on port 61744
1496414621245	Marionette	WARN	TLS certificate errors will be ignored for this session
2017-06-02 22:43:41.967 plugin-container[9238:927770] *** CFMessagePort: bootstrap_register(): failed 1100 (0x44c) 'Permission denied', port = 0x903f, name = 'com.apple.tsm.portname'
See /usr/include/servers/bootstrap_defs.h for the error codes.
2017-06-02 22:43:41.968 plugin-container[9238:927770] *** CFMessagePort: bootstrap_register(): failed 1100 (0x44c) 'Permission denied', port = 0x920b, name = 'com.apple.CFPasteboardClient'
See /usr/include/servers/bootstrap_defs.h for the error codes.
2017-06-02 22:43:41.968 plugin-container[9238:927770] void __CFPasteboardSetup() : Failed to allocate communication port for com.apple.CFPasteboardClient; this is likely due to sandbox restrictions
1496414625491	Marionette	INFO	New connections will no longer be accepted
1496414647157	geckodriver	INFO	Listening on 127.0.0.1:61834
1496414648258	geckodriver::marionette	INFO	Starting browser /Applications/Firefox.app/Contents/MacOS/firefox-bin with args ["-marionette"]
1496414650145	Marionette	INFO	Listening on port 61841
1496414650276	Marionette	WARN	TLS certificate errors will be ignored for this session
2017-06-02 22:44:10.819 plugin-container[9251:928838] *** CFMessagePort: bootstrap_register(): failed 1100 (0x44c) 'Permission denied', port = 0x8e3f, name = 'com.apple.tsm.portname'
See /usr/include/servers/bootstrap_defs.h for the error codes.
2017-06-02 22:44:10.820 plugin-container[9251:928838] *** CFMessagePort: bootstrap_register(): failed 1100 (0x44c) 'Permission denied', port = 0x8f23, name = 'com.apple.CFPasteboardClient'
See /usr/include/servers/bootstrap_defs.h for the error codes.
2017-06-02 22:44:10.820 plugin-container[9251:928838] void __CFPasteboardSetup() : Failed to allocate communication port for com.apple.CFPasteboardClient; this is likely due to sandbox restrictions
1496414654296	Marionette	INFO	New connections will no longer be accepted
